2015/03/22 06:23:51 [error] [exception.CHttpException.404] exception 'CHttpException' with message 'Unable to resolve the request "evento/admin".' in C:\xampp\htdocs\topicosweb\framework\web\CWebApplication.php:286
Stack trace:
#0 C:\xampp\htdocs\topicosweb\framework\web\CWebApplication.php(141): CWebApplication->runController('evento/admin')
#1 C:\xampp\htdocs\topicosweb\framework\base\CApplication.php(184): CWebApplication->processRequest()
#2 C:\xampp\htdocs\topicosweb\11030704\congreso\index.php(13): CApplication->run()
#3 {main}
REQUEST_URI=/topicosweb/11030704/congreso/?r=evento/admin
HTTP_REFERER=http://localhost/topicosweb/11030704/congreso/
---
2015/03/22 06:25:17 [error] [exception.CHttpException.404] exception 'CHttpException' with message 'Unable to resolve the request "evento/admin".' in C:\xampp\htdocs\topicosweb\framework\web\CWebApplication.php:286
Stack trace:
#0 C:\xampp\htdocs\topicosweb\framework\web\CWebApplication.php(141): CWebApplication->runController('evento/admin')
#1 C:\xampp\htdocs\topicosweb\framework\base\CApplication.php(184): CWebApplication->processRequest()
#2 C:\xampp\htdocs\topicosweb\11030704\congreso\index.php(13): CApplication->run()
#3 {main}
REQUEST_URI=/topicosweb/11030704/congreso/?r=evento/admin
HTTP_REFERER=http://localhost/topicosweb/11030704/congreso/
---
2015/03/24 00:49:35 [error] [exception.CHttpException.404] exception 'CHttpException' with message 'Unable to resolve the request "site=index".' in C:\xampp\htdocs\topicos\framework\web\CWebApplication.php:286
Stack trace:
#0 C:\xampp\htdocs\topicos\framework\web\CWebApplication.php(141): CWebApplication->runController('site=index')
#1 C:\xampp\htdocs\topicos\framework\base\CApplication.php(184): CWebApplication->processRequest()
#2 C:\xampp\htdocs\topicos\congreso\index.php(13): CApplication->run()
#3 {main}
REQUEST_URI=/topicos/congreso/index.php?r=site=index
---
2015/03/25 16:27:07 [error] [exception.CHttpException.404] exception 'CHttpException' with message 'Unable to resolve the request "admin/view".' in C:\xampp\htdocs\topicosweb\framework\web\CWebApplication.php:286
Stack trace:
#0 C:\xampp\htdocs\topicosweb\framework\web\CWebApplication.php(141): CWebApplication->runController('admin/view')
#1 C:\xampp\htdocs\topicosweb\framework\base\CApplication.php(184): CWebApplication->processRequest()
#2 C:\xampp\htdocs\topicosweb\congreso\index.php(13): CApplication->run()
#3 {main}
REQUEST_URI=/topicosweb/congreso/index.php?r=admin/view
HTTP_REFERER=http://localhost:8080/topicosweb/congreso/index.php
---
2015/03/25 16:27:31 [error] [exception.CHttpException.404] exception 'CHttpException' with message 'Unable to resolve the request "admin/view".' in C:\xampp\htdocs\topicosweb\framework\web\CWebApplication.php:286
Stack trace:
#0 C:\xampp\htdocs\topicosweb\framework\web\CWebApplication.php(141): CWebApplication->runController('admin/view')
#1 C:\xampp\htdocs\topicosweb\framework\base\CApplication.php(184): CWebApplication->processRequest()
#2 C:\xampp\htdocs\topicosweb\congreso\index.php(13): CApplication->run()
#3 {main}
REQUEST_URI=/topicosweb/congreso/index.php?r=admin/view
HTTP_REFERER=http://localhost:8080/topicosweb/congreso/index.php
---
2015/03/26 00:29:16 [error] [exception.CHttpException.404] exception 'CHttpException' with message 'The system is unable to find the requested action "view".' in C:\xampp\htdocs\topicosweb\framework\web\CController.php:483
Stack trace:
#0 C:\xampp\htdocs\topicosweb\framework\web\CController.php(270): CController->missingAction('view')
#1 C:\xampp\htdocs\topicosweb\framework\web\CWebApplication.php(282): CController->run('view')
#2 C:\xampp\htdocs\topicosweb\framework\web\CWebApplication.php(141): CWebApplication->runController('site/view')
#3 C:\xampp\htdocs\topicosweb\framework\base\CApplication.php(184): CWebApplication->processRequest()
#4 C:\xampp\htdocs\topicosweb\congreso\index.php(13): CApplication->run()
#5 {main}
REQUEST_URI=/topicosweb/congreso/index.php?r=site/view&id=6
HTTP_REFERER=http://localhost:8080/topicosweb/congreso/index.php?r=site/index
---
2015/03/26 00:30:23 [error] [exception.CHttpException.404] exception 'CHttpException' with message 'The system is unable to find the requested action "usuarioRegistrado".' in C:\xampp\htdocs\topicosweb\framework\web\CController.php:483
Stack trace:
#0 C:\xampp\htdocs\topicosweb\framework\web\CController.php(270): CController->missingAction('usuarioRegistra...')
#1 C:\xampp\htdocs\topicosweb\framework\web\CWebApplication.php(282): CController->run('usuarioRegistra...')
#2 C:\xampp\htdocs\topicosweb\framework\web\CWebApplication.php(141): CWebApplication->runController('site/usuarioReg...')
#3 C:\xampp\htdocs\topicosweb\framework\base\CApplication.php(184): CWebApplication->processRequest()
#4 C:\xampp\htdocs\topicosweb\congreso\index.php(13): CApplication->run()
#5 {main}
REQUEST_URI=/topicosweb/congreso/index.php?r=site/usuarioRegistrado
---
2015/03/27 19:12:43 [error] [exception.CDbException] exception 'CDbException' with message 'CDbConnection failed to open the DB connection: SQLSTATE[HY000] [1049] Unknown database 'citec'' in C:\xampp\htdocs\otro\framework\db\CDbConnection.php:399
Stack trace:
#0 C:\xampp\htdocs\otro\framework\db\CDbConnection.php(347): CDbConnection->open()
#1 C:\xampp\htdocs\otro\framework\db\CDbConnection.php(325): CDbConnection->setActive(true)
#2 C:\xampp\htdocs\otro\framework\base\CModule.php(394): CDbConnection->init()
#3 C:\xampp\htdocs\otro\framework\base\CApplication.php(458): CModule->getComponent('db')
#4 C:\xampp\htdocs\otro\framework\db\ar\CActiveRecord.php(637): CApplication->getDb()
#5 C:\xampp\htdocs\otro\framework\db\ar\CActiveRecord.php(1433): CActiveRecord->getDbConnection()
#6 C:\xampp\htdocs\otro\framework\db\ar\CActiveRecord.php(1489): CActiveRecord->getTableAlias(true)
#7 C:\xampp\htdocs\otro\vistaYregistro\congreso\protected\controllers\SiteController.php(44): CActiveRecord->findByPk('1')
#8 C:\xampp\htdocs\otro\framework\web\actions\CInlineAction.php(49): SiteController->actionIndex()
#9 C:\xampp\htdocs\otro\framework\web\CController.php(308): CInlineAction->runWithParams(Array)
#10 C:\xampp\htdocs\otro\framework\web\CController.php(286): CController->runAction(Object(CInlineAction))
#11 C:\xampp\htdocs\otro\framework\web\CController.php(265): CController->runActionWithFilters(Object(CInlineAction), Array)
#12 C:\xampp\htdocs\otro\framework\web\CWebApplication.php(282): CController->run('')
#13 C:\xampp\htdocs\otro\framework\web\CWebApplication.php(141): CWebApplication->runController('')
#14 C:\xampp\htdocs\otro\framework\base\CApplication.php(184): CWebApplication->processRequest()
#15 C:\xampp\htdocs\otro\vistaYregistro\congreso\index.php(13): CApplication->run()
#16 {main}
REQUEST_URI=/otro/vistaYregistro/congreso/
HTTP_REFERER=http://localhost:8080/otro/vistaYregistro/
---
2015/03/27 19:25:11 [error] [php] Undefined variable: participantes (C:\xampp\htdocs\otro\vistaYregistro\congreso\protected\views\site\index.php:149)
Stack trace:
#0 C:\xampp\htdocs\otro\framework\web\CController.php(869): SiteController->renderFile()
#1 C:\xampp\htdocs\otro\framework\web\CController.php(782): SiteController->renderPartial()
#2 C:\xampp\htdocs\otro\vistaYregistro\congreso\protected\controllers\SiteController.php(66): SiteController->render()
#3 C:\xampp\htdocs\otro\framework\web\actions\CInlineAction.php(49): SiteController->actionIndex()
#4 C:\xampp\htdocs\otro\framework\web\CController.php(308): CInlineAction->runWithParams()
#5 C:\xampp\htdocs\otro\framework\web\CController.php(286): SiteController->runAction()
#6 C:\xampp\htdocs\otro\framework\web\CController.php(265): SiteController->runActionWithFilters()
#7 C:\xampp\htdocs\otro\framework\web\CWebApplication.php(282): SiteController->run()
#8 C:\xampp\htdocs\otro\framework\web\CWebApplication.php(141): CWebApplication->runController()
#9 C:\xampp\htdocs\otro\framework\base\CApplication.php(184): CWebApplication->processRequest()
#10 C:\xampp\htdocs\otro\vistaYregistro\congreso\index.php(13): CWebApplication->run()
REQUEST_URI=/otro/vistaYregistro/congreso/
in C:\xampp\htdocs\otro\vistaYregistro\congreso\protected\views\site\index.php (149)
in C:\xampp\htdocs\otro\vistaYregistro\congreso\protected\controllers\SiteController.php (66)
in C:\xampp\htdocs\otro\vistaYregistro\congreso\index.php (13)
2015/03/27 19:27:17 [error] [php] Undefined variable: participantes (C:\xampp\htdocs\otro\vistaYregistro\congreso\protected\views\site\index.php:149)
Stack trace:
#0 C:\xampp\htdocs\otro\framework\web\CController.php(869): SiteController->renderFile()
#1 C:\xampp\htdocs\otro\framework\web\CController.php(782): SiteController->renderPartial()
#2 C:\xampp\htdocs\otro\vistaYregistro\congreso\protected\controllers\SiteController.php(66): SiteController->render()
#3 C:\xampp\htdocs\otro\framework\web\actions\CInlineAction.php(49): SiteController->actionIndex()
#4 C:\xampp\htdocs\otro\framework\web\CController.php(308): CInlineAction->runWithParams()
#5 C:\xampp\htdocs\otro\framework\web\CController.php(286): SiteController->runAction()
#6 C:\xampp\htdocs\otro\framework\web\CController.php(265): SiteController->runActionWithFilters()
#7 C:\xampp\htdocs\otro\framework\web\CWebApplication.php(282): SiteController->run()
#8 C:\xampp\htdocs\otro\framework\web\CWebApplication.php(141): CWebApplication->runController()
#9 C:\xampp\htdocs\otro\framework\base\CApplication.php(184): CWebApplication->processRequest()
#10 C:\xampp\htdocs\otro\vistaYregistro\congreso\index.php(13): CWebApplication->run()
REQUEST_URI=/otro/vistaYregistro/congreso/
in C:\xampp\htdocs\otro\vistaYregistro\congreso\protected\views\site\index.php (149)
in C:\xampp\htdocs\otro\vistaYregistro\congreso\protected\controllers\SiteController.php (66)
in C:\xampp\htdocs\otro\vistaYregistro\congreso\index.php (13)
2015/03/27 19:27:43 [error] [php] Undefined variable: participantes (C:\xampp\htdocs\otro\vistaYregistro\congreso\protected\views\site\index.php:149)
Stack trace:
#0 C:\xampp\htdocs\otro\framework\web\CController.php(869): SiteController->renderFile()
#1 C:\xampp\htdocs\otro\framework\web\CController.php(782): SiteController->renderPartial()
#2 C:\xampp\htdocs\otro\vistaYregistro\congreso\protected\controllers\SiteController.php(66): SiteController->render()
#3 C:\xampp\htdocs\otro\framework\web\actions\CInlineAction.php(49): SiteController->actionIndex()
#4 C:\xampp\htdocs\otro\framework\web\CController.php(308): CInlineAction->runWithParams()
#5 C:\xampp\htdocs\otro\framework\web\CController.php(286): SiteController->runAction()
#6 C:\xampp\htdocs\otro\framework\web\CController.php(265): SiteController->runActionWithFilters()
#7 C:\xampp\htdocs\otro\framework\web\CWebApplication.php(282): SiteController->run()
#8 C:\xampp\htdocs\otro\framework\web\CWebApplication.php(141): CWebApplication->runController()
#9 C:\xampp\htdocs\otro\framework\base\CApplication.php(184): CWebApplication->processRequest()
#10 C:\xampp\htdocs\otro\vistaYregistro\congreso\index.php(13): CWebApplication->run()
REQUEST_URI=/otro/vistaYregistro/congreso/
in C:\xampp\htdocs\otro\vistaYregistro\congreso\protected\views\site\index.php (149)
in C:\xampp\htdocs\otro\vistaYregistro\congreso\protected\controllers\SiteController.php (66)
in C:\xampp\htdocs\otro\vistaYregistro\congreso\index.php (13)
2015/03/28 22:44:53 [error] [exception.CDbException] exception 'CDbException' with message 'CDbConnection failed to open the DB connection: SQLSTATE[HY000] [1049] Unknown database 'mydb'' in C:\xampp\htdocs\citec\framework\db\CDbConnection.php:399
Stack trace:
#0 C:\xampp\htdocs\citec\framework\db\CDbConnection.php(347): CDbConnection->open()
#1 C:\xampp\htdocs\citec\framework\db\CDbConnection.php(325): CDbConnection->setActive(true)
#2 C:\xampp\htdocs\citec\framework\base\CModule.php(394): CDbConnection->init()
#3 C:\xampp\htdocs\citec\framework\base\CApplication.php(458): CModule->getComponent('db')
#4 C:\xampp\htdocs\citec\framework\db\ar\CActiveRecord.php(637): CApplication->getDb()
#5 C:\xampp\htdocs\citec\framework\db\ar\CActiveRecord.php(1433): CActiveRecord->getDbConnection()
#6 C:\xampp\htdocs\citec\framework\db\ar\CActiveRecord.php(1489): CActiveRecord->getTableAlias(true)
#7 C:\xampp\htdocs\citec\congreso\protected\controllers\SiteController.php(44): CActiveRecord->findByPk('1')
#8 C:\xampp\htdocs\citec\framework\web\actions\CInlineAction.php(49): SiteController->actionIndex()
#9 C:\xampp\htdocs\citec\framework\web\CController.php(308): CInlineAction->runWithParams(Array)
#10 C:\xampp\htdocs\citec\framework\web\CController.php(286): CController->runAction(Object(CInlineAction))
#11 C:\xampp\htdocs\citec\framework\web\CController.php(265): CController->runActionWithFilters(Object(CInlineAction), Array)
#12 C:\xampp\htdocs\citec\framework\web\CWebApplication.php(282): CController->run('')
#13 C:\xampp\htdocs\citec\framework\web\CWebApplication.php(141): CWebApplication->runController('')
#14 C:\xampp\htdocs\citec\framework\base\CApplication.php(184): CWebApplication->processRequest()
#15 C:\xampp\htdocs\citec\congreso\index.php(13): CApplication->run()
#16 {main}
REQUEST_URI=/citec/congreso/
HTTP_REFERER=http://localhost/citec/
---
2015/03/29 00:17:38 [error] [exception.CDbException] exception 'CDbException' with message 'CDbConnection failed to open the DB connection: SQLSTATE[HY000] [1049] Unknown database 'bdsitec'' in C:\xampp\htdocs\citec\framework\db\CDbConnection.php:399
Stack trace:
#0 C:\xampp\htdocs\citec\framework\db\CDbConnection.php(347): CDbConnection->open()
#1 C:\xampp\htdocs\citec\framework\db\CDbConnection.php(325): CDbConnection->setActive(true)
#2 C:\xampp\htdocs\citec\framework\base\CModule.php(394): CDbConnection->init()
#3 C:\xampp\htdocs\citec\framework\base\CApplication.php(458): CModule->getComponent('db')
#4 C:\xampp\htdocs\citec\framework\db\ar\CActiveRecord.php(637): CApplication->getDb()
#5 C:\xampp\htdocs\citec\framework\db\ar\CActiveRecord.php(1433): CActiveRecord->getDbConnection()
#6 C:\xampp\htdocs\citec\framework\db\ar\CActiveRecord.php(1489): CActiveRecord->getTableAlias(true)
#7 C:\xampp\htdocs\citec\congreso\protected\controllers\SiteController.php(44): CActiveRecord->findByPk('1')
#8 C:\xampp\htdocs\citec\framework\web\actions\CInlineAction.php(49): SiteController->actionIndex()
#9 C:\xampp\htdocs\citec\framework\web\CController.php(308): CInlineAction->runWithParams(Array)
#10 C:\xampp\htdocs\citec\framework\web\CController.php(286): CController->runAction(Object(CInlineAction))
#11 C:\xampp\htdocs\citec\framework\web\CController.php(265): CController->runActionWithFilters(Object(CInlineAction), Array)
#12 C:\xampp\htdocs\citec\framework\web\CWebApplication.php(282): CController->run('')
#13 C:\xampp\htdocs\citec\framework\web\CWebApplication.php(141): CWebApplication->runController('')
#14 C:\xampp\htdocs\citec\framework\base\CApplication.php(184): CWebApplication->processRequest()
#15 C:\xampp\htdocs\citec\congreso\index.php(13): CApplication->run()
#16 {main}
REQUEST_URI=/citec/congreso/
HTTP_REFERER=http://localhost/citec/
---
2015/03/30 06:46:59 [error] [php] Array to string conversion (C:\xampp\htdocs\citec\congreso\protected\views\layouts\public\main.php:30)
Stack trace:
#0 C:\xampp\htdocs\citec\framework\web\widgets\CContentDecorator.php(76): ParticipantesController->renderFile()
#1 C:\xampp\htdocs\citec\framework\web\widgets\CContentDecorator.php(54): CContentDecorator->decorate()
#2 C:\xampp\htdocs\citec\framework\web\widgets\COutputProcessor.php(44): CContentDecorator->processOutput()
#3 C:\xampp\htdocs\citec\framework\web\CBaseController.php(214): CContentDecorator->run()
#4 C:\xampp\htdocs\citec\framework\web\CBaseController.php(308): ParticipantesController->endWidget()
#5 C:\xampp\htdocs\citec\congreso\protected\views\layouts\public\column1.php(6): ParticipantesController->endContent()
#6 C:\xampp\htdocs\citec\framework\web\CBaseController.php(126): require()
#7 C:\xampp\htdocs\citec\framework\web\CBaseController.php(95): ParticipantesController->renderInternal()
#8 C:\xampp\htdocs\citec\framework\web\CController.php(784): ParticipantesController->renderFile()
#9 C:\xampp\htdocs\citec\congreso\protected\controllers\ParticipantesController.php(80): ParticipantesController->render()
#10 C:\xampp\htdocs\citec\framework\web\actions\CInlineAction.php(49): ParticipantesController->actionCreate()
#11 C:\xampp\htdocs\citec\framework\web\CController.php(308): CInlineAction->runWithParams()
#12 C:\xampp\htdocs\citec\framework\web\filters\CFilterChain.php(133): ParticipantesController->runAction()
#13 C:\xampp\htdocs\citec\framework\web\filters\CFilter.php(40): CFilterChain->run()
#14 C:\xampp\htdocs\citec\framework\web\CController.php(1145): CAccessControlFilter->filter()
#15 C:\xampp\htdocs\citec\framework\web\filters\CInlineFilter.php(58): ParticipantesController->filterAccessControl()
#16 C:\xampp\htdocs\citec\framework\web\filters\CFilterChain.php(130): CInlineFilter->filter()
#17 C:\xampp\htdocs\citec\framework\web\CController.php(291): CFilterChain->run()
#18 C:\xampp\htdocs\citec\framework\web\CController.php(265): ParticipantesController->runActionWithFilters()
#19 C:\xampp\htdocs\citec\framework\web\CWebApplication.php(282): ParticipantesController->run()
#20 C:\xampp\htdocs\citec\framework\web\CWebApplication.php(141): CWebApplication->runController()
#21 C:\xampp\htdocs\citec\framework\base\CApplication.php(184): CWebApplication->processRequest()
#22 C:\xampp\htdocs\citec\congreso\index.php(13): CWebApplication->run()
REQUEST_URI=/citec/congreso/index.php?r=participantes/create
in C:\xampp\htdocs\citec\congreso\protected\views\layouts\public\main.php (30)
in C:\xampp\htdocs\citec\congreso\protected\views\layouts\public\column1.php (6)
in C:\xampp\htdocs\citec\congreso\protected\controllers\ParticipantesController.php (80)
2015/03/30 06:47:03 [error] [system.db.CDbCommand] CDbCommand::fetchAll() failed: SQLSTATE[42S02]: Base table or view not found: 1146 Table 'bdcitec.usuarios' doesn't exist. The SQL statement executed was: SHOW FULL COLUMNS FROM `usuarios`.
in C:\xampp\htdocs\citec\congreso\protected\controllers\UsuariosController.php (136)
in C:\xampp\htdocs\citec\congreso\index.php (13)
2015/03/30 06:47:03 [error] [exception.CDbException] exception 'CDbException' with message 'The table "usuarios" for active record class "Usuarios" cannot be found in the database.' in C:\xampp\htdocs\citec\framework\db\ar\CActiveRecord.php:2385
Stack trace:
#0 C:\xampp\htdocs\citec\framework\db\ar\CActiveRecord.php(411): CActiveRecordMetaData->__construct(Object(Usuarios))
#1 C:\xampp\htdocs\citec\framework\db\ar\CActiveRecord.php(79): CActiveRecord->getMetaData()
#2 C:\xampp\htdocs\citec\congreso\protected\controllers\UsuariosController.php(136): CActiveRecord->__construct('search')
#3 C:\xampp\htdocs\citec\framework\web\actions\CInlineAction.php(49): UsuariosController->actionAdmin()
#4 C:\xampp\htdocs\citec\framework\web\CController.php(308): CInlineAction->runWithParams(Array)
#5 C:\xampp\htdocs\citec\framework\web\filters\CFilterChain.php(133): CController->runAction(Object(CInlineAction))
#6 C:\xampp\htdocs\citec\framework\web\filters\CFilter.php(40): CFilterChain->run()
#7 C:\xampp\htdocs\citec\framework\web\CController.php(1145): CFilter->filter(Object(CFilterChain))
#8 C:\xampp\htdocs\citec\framework\web\filters\CInlineFilter.php(58): CController->filterAccessControl(Object(CFilterChain))
#9 C:\xampp\htdocs\citec\framework\web\filters\CFilterChain.php(130): CInlineFilter->filter(Object(CFilterChain))
#10 C:\xampp\htdocs\citec\framework\web\CController.php(291): CFilterChain->run()
#11 C:\xampp\htdocs\citec\framework\web\CController.php(265): CController->runActionWithFilters(Object(CInlineAction), Array)
#12 C:\xampp\htdocs\citec\framework\web\CWebApplication.php(282): CController->run('admin')
#13 C:\xampp\htdocs\citec\framework\web\CWebApplication.php(141): CWebApplication->runController('usuarios/admin')
#14 C:\xampp\htdocs\citec\framework\base\CApplication.php(184): CWebApplication->processRequest()
#15 C:\xampp\htdocs\citec\congreso\index.php(13): CApplication->run()
#16 {main}
REQUEST_URI=/citec/congreso/index.php?r=usuarios/admin
HTTP_REFERER=http://localhost/citec/congreso/index.php?r=actividades/admin
---
2015/04/01 05:06:32 [error] [exception.CDbException] exception 'CDbException' with message 'CDbConnection failed to open the DB connection: SQLSTATE[HY000] [1049] Unknown database 'bdcitec'' in C:\xampp\htdocs\citec\framework\db\CDbConnection.php:399
Stack trace:
#0 C:\xampp\htdocs\citec\framework\db\CDbConnection.php(347): CDbConnection->open()
#1 C:\xampp\htdocs\citec\framework\db\CDbConnection.php(325): CDbConnection->setActive(true)
#2 C:\xampp\htdocs\citec\framework\base\CModule.php(394): CDbConnection->init()
#3 C:\xampp\htdocs\citec\framework\base\CApplication.php(458): CModule->getComponent('db')
#4 C:\xampp\htdocs\citec\framework\db\ar\CActiveRecord.php(637): CApplication->getDb()
#5 C:\xampp\htdocs\citec\framework\db\ar\CActiveRecord.php(1433): CActiveRecord->getDbConnection()
#6 C:\xampp\htdocs\citec\framework\db\ar\CActiveRecord.php(1489): CActiveRecord->getTableAlias(true)
#7 C:\xampp\htdocs\citec\congreso\protected\controllers\SiteController.php(44): CActiveRecord->findByPk('1')
#8 C:\xampp\htdocs\citec\framework\web\actions\CInlineAction.php(49): SiteController->actionIndex()
#9 C:\xampp\htdocs\citec\framework\web\CController.php(308): CInlineAction->runWithParams(Array)
#10 C:\xampp\htdocs\citec\framework\web\CController.php(286): CController->runAction(Object(CInlineAction))
#11 C:\xampp\htdocs\citec\framework\web\CController.php(265): CController->runActionWithFilters(Object(CInlineAction), Array)
#12 C:\xampp\htdocs\citec\framework\web\CWebApplication.php(282): CController->run('')
#13 C:\xampp\htdocs\citec\framework\web\CWebApplication.php(141): CWebApplication->runController('')
#14 C:\xampp\htdocs\citec\framework\base\CApplication.php(184): CWebApplication->processRequest()
#15 C:\xampp\htdocs\citec\congreso\index.php(13): CApplication->run()
#16 {main}
REQUEST_URI=/citec/congreso/
---
2015/04/02 17:05:07 [error] [system.db.CDbCommand] CDbCommand::fetchAll() failed: SQLSTATE[42S02]: Base table or view not found: 1146 Table 'bdcitec.usuarios' doesn't exist. The SQL statement executed was: SHOW FULL COLUMNS FROM `usuarios`.
in C:\xampp\htdocs\citec\congreso\protected\controllers\UsuariosController.php (136)
in C:\xampp\htdocs\citec\congreso\index.php (13)
2015/04/02 17:05:07 [error] [exception.CDbException] exception 'CDbException' with message 'The table "usuarios" for active record class "Usuarios" cannot be found in the database.' in C:\xampp\htdocs\citec\framework\db\ar\CActiveRecord.php:2385
Stack trace:
#0 C:\xampp\htdocs\citec\framework\db\ar\CActiveRecord.php(411): CActiveRecordMetaData->__construct(Object(Usuarios))
#1 C:\xampp\htdocs\citec\framework\db\ar\CActiveRecord.php(79): CActiveRecord->getMetaData()
#2 C:\xampp\htdocs\citec\congreso\protected\controllers\UsuariosController.php(136): CActiveRecord->__construct('search')
#3 C:\xampp\htdocs\citec\framework\web\actions\CInlineAction.php(49): UsuariosController->actionAdmin()
#4 C:\xampp\htdocs\citec\framework\web\CController.php(308): CInlineAction->runWithParams(Array)
#5 C:\xampp\htdocs\citec\framework\web\filters\CFilterChain.php(133): CController->runAction(Object(CInlineAction))
#6 C:\xampp\htdocs\citec\framework\web\filters\CFilter.php(40): CFilterChain->run()
#7 C:\xampp\htdocs\citec\framework\web\CController.php(1145): CFilter->filter(Object(CFilterChain))
#8 C:\xampp\htdocs\citec\framework\web\filters\CInlineFilter.php(58): CController->filterAccessControl(Object(CFilterChain))
#9 C:\xampp\htdocs\citec\framework\web\filters\CFilterChain.php(130): CInlineFilter->filter(Object(CFilterChain))
#10 C:\xampp\htdocs\citec\framework\web\CController.php(291): CFilterChain->run()
#11 C:\xampp\htdocs\citec\framework\web\CController.php(265): CController->runActionWithFilters(Object(CInlineAction), Array)
#12 C:\xampp\htdocs\citec\framework\web\CWebApplication.php(282): CController->run('admin')
#13 C:\xampp\htdocs\citec\framework\web\CWebApplication.php(141): CWebApplication->runController('usuarios/admin')
#14 C:\xampp\htdocs\citec\framework\base\CApplication.php(184): CWebApplication->processRequest()
#15 C:\xampp\htdocs\citec\congreso\index.php(13): CApplication->run()
#16 {main}
REQUEST_URI=/citec/congreso/index.php?r=usuarios/admin
HTTP_REFERER=http://localhost/citec/congreso/index.php?r=participantes/admin
---
2015/04/02 17:24:18 [error] [php] Array to string conversion (C:\xampp\htdocs\citec\congreso\protected\views\layouts\public\main.php:30)
Stack trace:
#0 C:\xampp\htdocs\citec\framework\web\widgets\CContentDecorator.php(76): SiteController->renderFile()
#1 C:\xampp\htdocs\citec\framework\web\widgets\CContentDecorator.php(54): CContentDecorator->decorate()
#2 C:\xampp\htdocs\citec\framework\web\widgets\COutputProcessor.php(44): CContentDecorator->processOutput()
#3 C:\xampp\htdocs\citec\framework\web\CBaseController.php(214): CContentDecorator->run()
#4 C:\xampp\htdocs\citec\framework\web\CBaseController.php(308): SiteController->endWidget()
#5 C:\xampp\htdocs\citec\congreso\protected\views\layouts\public\column1.php(6): SiteController->endContent()
#6 C:\xampp\htdocs\citec\framework\web\CBaseController.php(126): require()
#7 C:\xampp\htdocs\citec\framework\web\CBaseController.php(95): SiteController->renderInternal()
#8 C:\xampp\htdocs\citec\framework\web\CController.php(784): SiteController->renderFile()
#9 C:\xampp\htdocs\citec\congreso\protected\controllers\SiteController.php(92): SiteController->render()
#10 C:\xampp\htdocs\citec\framework\web\actions\CInlineAction.php(49): SiteController->actionIndex()
#11 C:\xampp\htdocs\citec\framework\web\CController.php(308): CInlineAction->runWithParams()
#12 C:\xampp\htdocs\citec\framework\web\CController.php(286): SiteController->runAction()
#13 C:\xampp\htdocs\citec\framework\web\CController.php(265): SiteController->runActionWithFilters()
#14 C:\xampp\htdocs\citec\framework\web\CWebApplication.php(282): SiteController->run()
#15 C:\xampp\htdocs\citec\framework\web\CWebApplication.php(141): CWebApplication->runController()
#16 C:\xampp\htdocs\citec\framework\base\CApplication.php(184): CWebApplication->processRequest()
#17 C:\xampp\htdocs\citec\congreso\index.php(13): CWebApplication->run()
REQUEST_URI=/citec/congreso/index.php?r=site/index
in C:\xampp\htdocs\citec\congreso\protected\views\layouts\public\main.php (30)
in C:\xampp\htdocs\citec\congreso\protected\views\layouts\public\column1.php (6)
in C:\xampp\htdocs\citec\congreso\protected\controllers\SiteController.php (92)
2015/04/02 17:24:29 [error] [php] Array to string conversion (C:\xampp\htdocs\citec\congreso\protected\views\layouts\public\main.php:30)
Stack trace:
#0 C:\xampp\htdocs\citec\framework\web\widgets\CContentDecorator.php(76): SiteController->renderFile()
#1 C:\xampp\htdocs\citec\framework\web\widgets\CContentDecorator.php(54): CContentDecorator->decorate()
#2 C:\xampp\htdocs\citec\framework\web\widgets\COutputProcessor.php(44): CContentDecorator->processOutput()
#3 C:\xampp\htdocs\citec\framework\web\CBaseController.php(214): CContentDecorator->run()
#4 C:\xampp\htdocs\citec\framework\web\CBaseController.php(308): SiteController->endWidget()
#5 C:\xampp\htdocs\citec\congreso\protected\views\layouts\public\column1.php(6): SiteController->endContent()
#6 C:\xampp\htdocs\citec\framework\web\CBaseController.php(126): require()
#7 C:\xampp\htdocs\citec\framework\web\CBaseController.php(95): SiteController->renderInternal()
#8 C:\xampp\htdocs\citec\framework\web\CController.php(784): SiteController->renderFile()
#9 C:\xampp\htdocs\citec\congreso\protected\controllers\SiteController.php(92): SiteController->render()
#10 C:\xampp\htdocs\citec\framework\web\actions\CInlineAction.php(49): SiteController->actionIndex()
#11 C:\xampp\htdocs\citec\framework\web\CController.php(308): CInlineAction->runWithParams()
#12 C:\xampp\htdocs\citec\framework\web\CController.php(286): SiteController->runAction()
#13 C:\xampp\htdocs\citec\framework\web\CController.php(265): SiteController->runActionWithFilters()
#14 C:\xampp\htdocs\citec\framework\web\CWebApplication.php(282): SiteController->run()
#15 C:\xampp\htdocs\citec\framework\web\CWebApplication.php(141): CWebApplication->runController()
#16 C:\xampp\htdocs\citec\framework\base\CApplication.php(184): CWebApplication->processRequest()
#17 C:\xampp\htdocs\citec\congreso\index.php(13): CWebApplication->run()
REQUEST_URI=/citec/congreso/index.php?r=site/index
in C:\xampp\htdocs\citec\congreso\protected\views\layouts\public\main.php (30)
in C:\xampp\htdocs\citec\congreso\protected\views\layouts\public\column1.php (6)
in C:\xampp\htdocs\citec\congreso\protected\controllers\SiteController.php (92)
2015/04/02 17:24:37 [error] [php] Array to string conversion (C:\xampp\htdocs\citec\congreso\protected\views\layouts\public\main.php:30)
Stack trace:
#0 C:\xampp\htdocs\citec\framework\web\widgets\CContentDecorator.php(76): SiteController->renderFile()
#1 C:\xampp\htdocs\citec\framework\web\widgets\CContentDecorator.php(54): CContentDecorator->decorate()
#2 C:\xampp\htdocs\citec\framework\web\widgets\COutputProcessor.php(44): CContentDecorator->processOutput()
#3 C:\xampp\htdocs\citec\framework\web\CBaseController.php(214): CContentDecorator->run()
#4 C:\xampp\htdocs\citec\framework\web\CBaseController.php(308): SiteController->endWidget()
#5 C:\xampp\htdocs\citec\congreso\protected\views\layouts\public\column1.php(6): SiteController->endContent()
#6 C:\xampp\htdocs\citec\framework\web\CBaseController.php(126): require()
#7 C:\xampp\htdocs\citec\framework\web\CBaseController.php(95): SiteController->renderInternal()
#8 C:\xampp\htdocs\citec\framework\web\CController.php(784): SiteController->renderFile()
#9 C:\xampp\htdocs\citec\congreso\protected\controllers\SiteController.php(92): SiteController->render()
#10 C:\xampp\htdocs\citec\framework\web\actions\CInlineAction.php(49): SiteController->actionIndex()
#11 C:\xampp\htdocs\citec\framework\web\CController.php(308): CInlineAction->runWithParams()
#12 C:\xampp\htdocs\citec\framework\web\CController.php(286): SiteController->runAction()
#13 C:\xampp\htdocs\citec\framework\web\CController.php(265): SiteController->runActionWithFilters()
#14 C:\xampp\htdocs\citec\framework\web\CWebApplication.php(282): SiteController->run()
#15 C:\xampp\htdocs\citec\framework\web\CWebApplication.php(141): CWebApplication->runController()
#16 C:\xampp\htdocs\citec\framework\base\CApplication.php(184): CWebApplication->processRequest()
#17 C:\xampp\htdocs\citec\congreso\index.php(13): CWebApplication->run()
REQUEST_URI=/citec/congreso/index.php?r=site/index
in C:\xampp\htdocs\citec\congreso\protected\views\layouts\public\main.php (30)
in C:\xampp\htdocs\citec\congreso\protected\views\layouts\public\column1.php (6)
in C:\xampp\htdocs\citec\congreso\protected\controllers\SiteController.php (92)
2015/04/02 17:24:59 [error] [php] Array to string conversion (C:\xampp\htdocs\citec\congreso\protected\views\layouts\public\main.php:30)
Stack trace:
#0 C:\xampp\htdocs\citec\framework\web\widgets\CContentDecorator.php(76): SiteController->renderFile()
#1 C:\xampp\htdocs\citec\framework\web\widgets\CContentDecorator.php(54): CContentDecorator->decorate()
#2 C:\xampp\htdocs\citec\framework\web\widgets\COutputProcessor.php(44): CContentDecorator->processOutput()
#3 C:\xampp\htdocs\citec\framework\web\CBaseController.php(214): CContentDecorator->run()
#4 C:\xampp\htdocs\citec\framework\web\CBaseController.php(308): SiteController->endWidget()
#5 C:\xampp\htdocs\citec\congreso\protected\views\layouts\public\column1.php(6): SiteController->endContent()
#6 C:\xampp\htdocs\citec\framework\web\CBaseController.php(126): require()
#7 C:\xampp\htdocs\citec\framework\web\CBaseController.php(95): SiteController->renderInternal()
#8 C:\xampp\htdocs\citec\framework\web\CController.php(784): SiteController->renderFile()
#9 C:\xampp\htdocs\citec\congreso\protected\controllers\SiteController.php(92): SiteController->render()
#10 C:\xampp\htdocs\citec\framework\web\actions\CInlineAction.php(49): SiteController->actionIndex()
#11 C:\xampp\htdocs\citec\framework\web\CController.php(308): CInlineAction->runWithParams()
#12 C:\xampp\htdocs\citec\framework\web\CController.php(286): SiteController->runAction()
#13 C:\xampp\htdocs\citec\framework\web\CController.php(265): SiteController->runActionWithFilters()
#14 C:\xampp\htdocs\citec\framework\web\CWebApplication.php(282): SiteController->run()
#15 C:\xampp\htdocs\citec\framework\web\CWebApplication.php(141): CWebApplication->runController()
#16 C:\xampp\htdocs\citec\framework\base\CApplication.php(184): CWebApplication->processRequest()
#17 C:\xampp\htdocs\citec\congreso\index.php(13): CWebApplication->run()
REQUEST_URI=/citec/congreso/index.php?r=site/index
in C:\xampp\htdocs\citec\congreso\protected\views\layouts\public\main.php (30)
in C:\xampp\htdocs\citec\congreso\protected\views\layouts\public\column1.php (6)
in C:\xampp\htdocs\citec\congreso\protected\controllers\SiteController.php (92)
2015/04/02 17:25:11 [error] [php] Array to string conversion (C:\xampp\htdocs\citec\congreso\protected\views\layouts\public\main.php:30)
Stack trace:
#0 C:\xampp\htdocs\citec\framework\web\widgets\CContentDecorator.php(76): SiteController->renderFile()
#1 C:\xampp\htdocs\citec\framework\web\widgets\CContentDecorator.php(54): CContentDecorator->decorate()
#2 C:\xampp\htdocs\citec\framework\web\widgets\COutputProcessor.php(44): CContentDecorator->processOutput()
#3 C:\xampp\htdocs\citec\framework\web\CBaseController.php(214): CContentDecorator->run()
#4 C:\xampp\htdocs\citec\framework\web\CBaseController.php(308): SiteController->endWidget()
#5 C:\xampp\htdocs\citec\congreso\protected\views\layouts\public\column1.php(6): SiteController->endContent()
#6 C:\xampp\htdocs\citec\framework\web\CBaseController.php(126): require()
#7 C:\xampp\htdocs\citec\framework\web\CBaseController.php(95): SiteController->renderInternal()
#8 C:\xampp\htdocs\citec\framework\web\CController.php(784): SiteController->renderFile()
#9 C:\xampp\htdocs\citec\congreso\protected\controllers\SiteController.php(92): SiteController->render()
#10 C:\xampp\htdocs\citec\framework\web\actions\CInlineAction.php(49): SiteController->actionIndex()
#11 C:\xampp\htdocs\citec\framework\web\CController.php(308): CInlineAction->runWithParams()
#12 C:\xampp\htdocs\citec\framework\web\CController.php(286): SiteController->runAction()
#13 C:\xampp\htdocs\citec\framework\web\CController.php(265): SiteController->runActionWithFilters()
#14 C:\xampp\htdocs\citec\framework\web\CWebApplication.php(282): SiteController->run()
#15 C:\xampp\htdocs\citec\framework\web\CWebApplication.php(141): CWebApplication->runController()
#16 C:\xampp\htdocs\citec\framework\base\CApplication.php(184): CWebApplication->processRequest()
#17 C:\xampp\htdocs\citec\congreso\index.php(13): CWebApplication->run()
REQUEST_URI=/citec/congreso/index.php?r=site/index
in C:\xampp\htdocs\citec\congreso\protected\views\layouts\public\main.php (30)
in C:\xampp\htdocs\citec\congreso\protected\views\layouts\public\column1.php (6)
in C:\xampp\htdocs\citec\congreso\protected\controllers\SiteController.php (92)
2015/04/02 17:26:04 [error] [php] Array to string conversion (C:\xampp\htdocs\citec\congreso\protected\views\layouts\public\main.php:30)
Stack trace:
#0 C:\xampp\htdocs\citec\framework\web\widgets\CContentDecorator.php(76): SiteController->renderFile()
#1 C:\xampp\htdocs\citec\framework\web\widgets\CContentDecorator.php(54): CContentDecorator->decorate()
#2 C:\xampp\htdocs\citec\framework\web\widgets\COutputProcessor.php(44): CContentDecorator->processOutput()
#3 C:\xampp\htdocs\citec\framework\web\CBaseController.php(214): CContentDecorator->run()
#4 C:\xampp\htdocs\citec\framework\web\CBaseController.php(308): SiteController->endWidget()
#5 C:\xampp\htdocs\citec\congreso\protected\views\layouts\public\column1.php(6): SiteController->endContent()
#6 C:\xampp\htdocs\citec\framework\web\CBaseController.php(126): require()
#7 C:\xampp\htdocs\citec\framework\web\CBaseController.php(95): SiteController->renderInternal()
#8 C:\xampp\htdocs\citec\framework\web\CController.php(784): SiteController->renderFile()
#9 C:\xampp\htdocs\citec\congreso\protected\controllers\SiteController.php(92): SiteController->render()
#10 C:\xampp\htdocs\citec\framework\web\actions\CInlineAction.php(49): SiteController->actionIndex()
#11 C:\xampp\htdocs\citec\framework\web\CController.php(308): CInlineAction->runWithParams()
#12 C:\xampp\htdocs\citec\framework\web\CController.php(286): SiteController->runAction()
#13 C:\xampp\htdocs\citec\framework\web\CController.php(265): SiteController->runActionWithFilters()
#14 C:\xampp\htdocs\citec\framework\web\CWebApplication.php(282): SiteController->run()
#15 C:\xampp\htdocs\citec\framework\web\CWebApplication.php(141): CWebApplication->runController()
#16 C:\xampp\htdocs\citec\framework\base\CApplication.php(184): CWebApplication->processRequest()
#17 C:\xampp\htdocs\citec\congreso\index.php(13): CWebApplication->run()
REQUEST_URI=/citec/congreso/index.php?r=site/index
in C:\xampp\htdocs\citec\congreso\protected\views\layouts\public\main.php (30)
in C:\xampp\htdocs\citec\congreso\protected\views\layouts\public\column1.php (6)
in C:\xampp\htdocs\citec\congreso\protected\controllers\SiteController.php (92)
2015/04/02 17:26:18 [error] [php] Array to string conversion (C:\xampp\htdocs\citec\congreso\protected\views\layouts\public\main.php:30)
Stack trace:
#0 C:\xampp\htdocs\citec\framework\web\widgets\CContentDecorator.php(76): SiteController->renderFile()
#1 C:\xampp\htdocs\citec\framework\web\widgets\CContentDecorator.php(54): CContentDecorator->decorate()
#2 C:\xampp\htdocs\citec\framework\web\widgets\COutputProcessor.php(44): CContentDecorator->processOutput()
#3 C:\xampp\htdocs\citec\framework\web\CBaseController.php(214): CContentDecorator->run()
#4 C:\xampp\htdocs\citec\framework\web\CBaseController.php(308): SiteController->endWidget()
#5 C:\xampp\htdocs\citec\congreso\protected\views\layouts\public\column1.php(6): SiteController->endContent()
#6 C:\xampp\htdocs\citec\framework\web\CBaseController.php(126): require()
#7 C:\xampp\htdocs\citec\framework\web\CBaseController.php(95): SiteController->renderInternal()
#8 C:\xampp\htdocs\citec\framework\web\CController.php(784): SiteController->renderFile()
#9 C:\xampp\htdocs\citec\congreso\protected\controllers\SiteController.php(92): SiteController->render()
#10 C:\xampp\htdocs\citec\framework\web\actions\CInlineAction.php(49): SiteController->actionIndex()
#11 C:\xampp\htdocs\citec\framework\web\CController.php(308): CInlineAction->runWithParams()
#12 C:\xampp\htdocs\citec\framework\web\CController.php(286): SiteController->runAction()
#13 C:\xampp\htdocs\citec\framework\web\CController.php(265): SiteController->runActionWithFilters()
#14 C:\xampp\htdocs\citec\framework\web\CWebApplication.php(282): SiteController->run()
#15 C:\xampp\htdocs\citec\framework\web\CWebApplication.php(141): CWebApplication->runController()
#16 C:\xampp\htdocs\citec\framework\base\CApplication.php(184): CWebApplication->processRequest()
#17 C:\xampp\htdocs\citec\congreso\index.php(13): CWebApplication->run()
REQUEST_URI=/citec/congreso/index.php?r=site/index
in C:\xampp\htdocs\citec\congreso\protected\views\layouts\public\main.php (30)
in C:\xampp\htdocs\citec\congreso\protected\views\layouts\public\column1.php (6)
in C:\xampp\htdocs\citec\congreso\protected\controllers\SiteController.php (92)
2015/04/02 17:29:42 [error] [php] Undefined index: url (C:\xampp\htdocs\citec\congreso\protected\views\layouts\public\main.php:30)
Stack trace:
#0 C:\xampp\htdocs\citec\framework\web\widgets\CContentDecorator.php(76): SiteController->renderFile()
#1 C:\xampp\htdocs\citec\framework\web\widgets\CContentDecorator.php(54): CContentDecorator->decorate()
#2 C:\xampp\htdocs\citec\framework\web\widgets\COutputProcessor.php(44): CContentDecorator->processOutput()
#3 C:\xampp\htdocs\citec\framework\web\CBaseController.php(214): CContentDecorator->run()
#4 C:\xampp\htdocs\citec\framework\web\CBaseController.php(308): SiteController->endWidget()
#5 C:\xampp\htdocs\citec\congreso\protected\views\layouts\public\column1.php(6): SiteController->endContent()
#6 C:\xampp\htdocs\citec\framework\web\CBaseController.php(126): require()
#7 C:\xampp\htdocs\citec\framework\web\CBaseController.php(95): SiteController->renderInternal()
#8 C:\xampp\htdocs\citec\framework\web\CController.php(784): SiteController->renderFile()
#9 C:\xampp\htdocs\citec\congreso\protected\controllers\SiteController.php(92): SiteController->render()
#10 C:\xampp\htdocs\citec\framework\web\actions\CInlineAction.php(49): SiteController->actionIndex()
#11 C:\xampp\htdocs\citec\framework\web\CController.php(308): CInlineAction->runWithParams()
#12 C:\xampp\htdocs\citec\framework\web\CController.php(286): SiteController->runAction()
#13 C:\xampp\htdocs\citec\framework\web\CController.php(265): SiteController->runActionWithFilters()
#14 C:\xampp\htdocs\citec\framework\web\CWebApplication.php(282): SiteController->run()
#15 C:\xampp\htdocs\citec\framework\web\CWebApplication.php(141): CWebApplication->runController()
#16 C:\xampp\htdocs\citec\framework\base\CApplication.php(184): CWebApplication->processRequest()
#17 C:\xampp\htdocs\citec\congreso\index.php(13): CWebApplication->run()
REQUEST_URI=/citec/congreso/index.php?r=site/index
in C:\xampp\htdocs\citec\congreso\protected\views\layouts\public\main.php (30)
in C:\xampp\htdocs\citec\congreso\protected\views\layouts\public\column1.php (6)
in C:\xampp\htdocs\citec\congreso\protected\controllers\SiteController.php (92)
2015/04/02 17:30:56 [error] [php] Undefined index: label (C:\xampp\htdocs\citec\congreso\protected\views\layouts\public\main.php:30)
Stack trace:
#0 C:\xampp\htdocs\citec\framework\web\widgets\CContentDecorator.php(76): SiteController->renderFile()
#1 C:\xampp\htdocs\citec\framework\web\widgets\CContentDecorator.php(54): CContentDecorator->decorate()
#2 C:\xampp\htdocs\citec\framework\web\widgets\COutputProcessor.php(44): CContentDecorator->processOutput()
#3 C:\xampp\htdocs\citec\framework\web\CBaseController.php(214): CContentDecorator->run()
#4 C:\xampp\htdocs\citec\framework\web\CBaseController.php(308): SiteController->endWidget()
#5 C:\xampp\htdocs\citec\congreso\protected\views\layouts\public\column1.php(6): SiteController->endContent()
#6 C:\xampp\htdocs\citec\framework\web\CBaseController.php(126): require()
#7 C:\xampp\htdocs\citec\framework\web\CBaseController.php(95): SiteController->renderInternal()
#8 C:\xampp\htdocs\citec\framework\web\CController.php(784): SiteController->renderFile()
#9 C:\xampp\htdocs\citec\congreso\protected\controllers\SiteController.php(92): SiteController->render()
#10 C:\xampp\htdocs\citec\framework\web\actions\CInlineAction.php(49): SiteController->actionIndex()
#11 C:\xampp\htdocs\citec\framework\web\CController.php(308): CInlineAction->runWithParams()
#12 C:\xampp\htdocs\citec\framework\web\CController.php(286): SiteController->runAction()
#13 C:\xampp\htdocs\citec\framework\web\CController.php(265): SiteController->runActionWithFilters()
#14 C:\xampp\htdocs\citec\framework\web\CWebApplication.php(282): SiteController->run()
#15 C:\xampp\htdocs\citec\framework\web\CWebApplication.php(141): CWebApplication->runController()
#16 C:\xampp\htdocs\citec\framework\base\CApplication.php(184): CWebApplication->processRequest()
#17 C:\xampp\htdocs\citec\congreso\index.php(13): CWebApplication->run()
REQUEST_URI=/citec/congreso/index.php?r=site/index
in C:\xampp\htdocs\citec\congreso\protected\views\layouts\public\main.php (30)
in C:\xampp\htdocs\citec\congreso\protected\views\layouts\public\column1.php (6)
in C:\xampp\htdocs\citec\congreso\protected\controllers\SiteController.php (92)
2015/04/02 17:31:22 [error] [php] Undefined index: url (C:\xampp\htdocs\citec\congreso\protected\views\layouts\public\main.php:30)
Stack trace:
#0 C:\xampp\htdocs\citec\framework\web\widgets\CContentDecorator.php(76): SiteController->renderFile()
#1 C:\xampp\htdocs\citec\framework\web\widgets\CContentDecorator.php(54): CContentDecorator->decorate()
#2 C:\xampp\htdocs\citec\framework\web\widgets\COutputProcessor.php(44): CContentDecorator->processOutput()
#3 C:\xampp\htdocs\citec\framework\web\CBaseController.php(214): CContentDecorator->run()
#4 C:\xampp\htdocs\citec\framework\web\CBaseController.php(308): SiteController->endWidget()
#5 C:\xampp\htdocs\citec\congreso\protected\views\layouts\public\column1.php(6): SiteController->endContent()
#6 C:\xampp\htdocs\citec\framework\web\CBaseController.php(126): require()
#7 C:\xampp\htdocs\citec\framework\web\CBaseController.php(95): SiteController->renderInternal()
#8 C:\xampp\htdocs\citec\framework\web\CController.php(784): SiteController->renderFile()
#9 C:\xampp\htdocs\citec\congreso\protected\controllers\SiteController.php(92): SiteController->render()
#10 C:\xampp\htdocs\citec\framework\web\actions\CInlineAction.php(49): SiteController->actionIndex()
#11 C:\xampp\htdocs\citec\framework\web\CController.php(308): CInlineAction->runWithParams()
#12 C:\xampp\htdocs\citec\framework\web\CController.php(286): SiteController->runAction()
#13 C:\xampp\htdocs\citec\framework\web\CController.php(265): SiteController->runActionWithFilters()
#14 C:\xampp\htdocs\citec\framework\web\CWebApplication.php(282): SiteController->run()
#15 C:\xampp\htdocs\citec\framework\web\CWebApplication.php(141): CWebApplication->runController()
#16 C:\xampp\htdocs\citec\framework\base\CApplication.php(184): CWebApplication->processRequest()
#17 C:\xampp\htdocs\citec\congreso\index.php(13): CWebApplication->run()
REQUEST_URI=/citec/congreso/index.php?r=site/index
in C:\xampp\htdocs\citec\congreso\protected\views\layouts\public\main.php (30)
in C:\xampp\htdocs\citec\congreso\protected\views\layouts\public\column1.php (6)
in C:\xampp\htdocs\citec\congreso\protected\controllers\SiteController.php (92)
2015/04/02 17:31:25 [error] [php] Undefined index: url (C:\xampp\htdocs\citec\congreso\protected\views\layouts\public\main.php:30)
Stack trace:
#0 C:\xampp\htdocs\citec\framework\web\widgets\CContentDecorator.php(76): SiteController->renderFile()
#1 C:\xampp\htdocs\citec\framework\web\widgets\CContentDecorator.php(54): CContentDecorator->decorate()
#2 C:\xampp\htdocs\citec\framework\web\widgets\COutputProcessor.php(44): CContentDecorator->processOutput()
#3 C:\xampp\htdocs\citec\framework\web\CBaseController.php(214): CContentDecorator->run()
#4 C:\xampp\htdocs\citec\framework\web\CBaseController.php(308): SiteController->endWidget()
#5 C:\xampp\htdocs\citec\congreso\protected\views\layouts\public\column1.php(6): SiteController->endContent()
#6 C:\xampp\htdocs\citec\framework\web\CBaseController.php(126): require()
#7 C:\xampp\htdocs\citec\framework\web\CBaseController.php(95): SiteController->renderInternal()
#8 C:\xampp\htdocs\citec\framework\web\CController.php(784): SiteController->renderFile()
#9 C:\xampp\htdocs\citec\congreso\protected\controllers\SiteController.php(92): SiteController->render()
#10 C:\xampp\htdocs\citec\framework\web\actions\CInlineAction.php(49): SiteController->actionIndex()
#11 C:\xampp\htdocs\citec\framework\web\CController.php(308): CInlineAction->runWithParams()
#12 C:\xampp\htdocs\citec\framework\web\CController.php(286): SiteController->runAction()
#13 C:\xampp\htdocs\citec\framework\web\CController.php(265): SiteController->runActionWithFilters()
#14 C:\xampp\htdocs\citec\framework\web\CWebApplication.php(282): SiteController->run()
#15 C:\xampp\htdocs\citec\framework\web\CWebApplication.php(141): CWebApplication->runController()
#16 C:\xampp\htdocs\citec\framework\base\CApplication.php(184): CWebApplication->processRequest()
#17 C:\xampp\htdocs\citec\congreso\index.php(13): CWebApplication->run()
REQUEST_URI=/citec/congreso/index.php?r=site/index
in C:\xampp\htdocs\citec\congreso\protected\views\layouts\public\main.php (30)
in C:\xampp\htdocs\citec\congreso\protected\views\layouts\public\column1.php (6)
in C:\xampp\htdocs\citec\congreso\protected\controllers\SiteController.php (92)
2015/04/02 17:33:31 [error] [php] Undefined index: url (C:\xampp\htdocs\citec\congreso\protected\views\layouts\public\main.php:30)
Stack trace:
#0 C:\xampp\htdocs\citec\framework\web\widgets\CContentDecorator.php(76): SiteController->renderFile()
#1 C:\xampp\htdocs\citec\framework\web\widgets\CContentDecorator.php(54): CContentDecorator->decorate()
#2 C:\xampp\htdocs\citec\framework\web\widgets\COutputProcessor.php(44): CContentDecorator->processOutput()
#3 C:\xampp\htdocs\citec\framework\web\CBaseController.php(214): CContentDecorator->run()
#4 C:\xampp\htdocs\citec\framework\web\CBaseController.php(308): SiteController->endWidget()
#5 C:\xampp\htdocs\citec\congreso\protected\views\layouts\public\column1.php(6): SiteController->endContent()
#6 C:\xampp\htdocs\citec\framework\web\CBaseController.php(126): require()
#7 C:\xampp\htdocs\citec\framework\web\CBaseController.php(95): SiteController->renderInternal()
#8 C:\xampp\htdocs\citec\framework\web\CController.php(784): SiteController->renderFile()
#9 C:\xampp\htdocs\citec\congreso\protected\controllers\SiteController.php(92): SiteController->render()
#10 C:\xampp\htdocs\citec\framework\web\actions\CInlineAction.php(49): SiteController->actionIndex()
#11 C:\xampp\htdocs\citec\framework\web\CController.php(308): CInlineAction->runWithParams()
#12 C:\xampp\htdocs\citec\framework\web\CController.php(286): SiteController->runAction()
#13 C:\xampp\htdocs\citec\framework\web\CController.php(265): SiteController->runActionWithFilters()
#14 C:\xampp\htdocs\citec\framework\web\CWebApplication.php(282): SiteController->run()
#15 C:\xampp\htdocs\citec\framework\web\CWebApplication.php(141): CWebApplication->runController()
#16 C:\xampp\htdocs\citec\framework\base\CApplication.php(184): CWebApplication->processRequest()
#17 C:\xampp\htdocs\citec\congreso\index.php(13): CWebApplication->run()
REQUEST_URI=/citec/congreso/index.php?r=site/index
in C:\xampp\htdocs\citec\congreso\protected\views\layouts\public\main.php (30)
in C:\xampp\htdocs\citec\congreso\protected\views\layouts\public\column1.php (6)
in C:\xampp\htdocs\citec\congreso\protected\controllers\SiteController.php (92)
2015/04/02 17:33:33 [error] [php] Undefined index: url (C:\xampp\htdocs\citec\congreso\protected\views\layouts\public\main.php:30)
Stack trace:
#0 C:\xampp\htdocs\citec\framework\web\widgets\CContentDecorator.php(76): SiteController->renderFile()
#1 C:\xampp\htdocs\citec\framework\web\widgets\CContentDecorator.php(54): CContentDecorator->decorate()
#2 C:\xampp\htdocs\citec\framework\web\widgets\COutputProcessor.php(44): CContentDecorator->processOutput()
#3 C:\xampp\htdocs\citec\framework\web\CBaseController.php(214): CContentDecorator->run()
#4 C:\xampp\htdocs\citec\framework\web\CBaseController.php(308): SiteController->endWidget()
#5 C:\xampp\htdocs\citec\congreso\protected\views\layouts\public\column1.php(6): SiteController->endContent()
#6 C:\xampp\htdocs\citec\framework\web\CBaseController.php(126): require()
#7 C:\xampp\htdocs\citec\framework\web\CBaseController.php(95): SiteController->renderInternal()
#8 C:\xampp\htdocs\citec\framework\web\CController.php(784): SiteController->renderFile()
#9 C:\xampp\htdocs\citec\congreso\protected\controllers\SiteController.php(92): SiteController->render()
#10 C:\xampp\htdocs\citec\framework\web\actions\CInlineAction.php(49): SiteController->actionIndex()
#11 C:\xampp\htdocs\citec\framework\web\CController.php(308): CInlineAction->runWithParams()
#12 C:\xampp\htdocs\citec\framework\web\CController.php(286): SiteController->runAction()
#13 C:\xampp\htdocs\citec\framework\web\CController.php(265): SiteController->runActionWithFilters()
#14 C:\xampp\htdocs\citec\framework\web\CWebApplication.php(282): SiteController->run()
#15 C:\xampp\htdocs\citec\framework\web\CWebApplication.php(141): CWebApplication->runController()
#16 C:\xampp\htdocs\citec\framework\base\CApplication.php(184): CWebApplication->processRequest()
#17 C:\xampp\htdocs\citec\congreso\index.php(13): CWebApplication->run()
REQUEST_URI=/citec/congreso/index.php?r=site/index
in C:\xampp\htdocs\citec\congreso\protected\views\layouts\public\main.php (30)
in C:\xampp\htdocs\citec\congreso\protected\views\layouts\public\column1.php (6)
in C:\xampp\htdocs\citec\congreso\protected\controllers\SiteController.php (92)
2015/04/02 17:33:35 [error] [php] Undefined index: url (C:\xampp\htdocs\citec\congreso\protected\views\layouts\public\main.php:30)
Stack trace:
#0 C:\xampp\htdocs\citec\framework\web\widgets\CContentDecorator.php(76): SiteController->renderFile()
#1 C:\xampp\htdocs\citec\framework\web\widgets\CContentDecorator.php(54): CContentDecorator->decorate()
#2 C:\xampp\htdocs\citec\framework\web\widgets\COutputProcessor.php(44): CContentDecorator->processOutput()
#3 C:\xampp\htdocs\citec\framework\web\CBaseController.php(214): CContentDecorator->run()
#4 C:\xampp\htdocs\citec\framework\web\CBaseController.php(308): SiteController->endWidget()
#5 C:\xampp\htdocs\citec\congreso\protected\views\layouts\public\column1.php(6): SiteController->endContent()
#6 C:\xampp\htdocs\citec\framework\web\CBaseController.php(126): require()
#7 C:\xampp\htdocs\citec\framework\web\CBaseController.php(95): SiteController->renderInternal()
#8 C:\xampp\htdocs\citec\framework\web\CController.php(784): SiteController->renderFile()
#9 C:\xampp\htdocs\citec\congreso\protected\controllers\SiteController.php(92): SiteController->render()
#10 C:\xampp\htdocs\citec\framework\web\actions\CInlineAction.php(49): SiteController->actionIndex()
#11 C:\xampp\htdocs\citec\framework\web\CController.php(308): CInlineAction->runWithParams()
#12 C:\xampp\htdocs\citec\framework\web\CController.php(286): SiteController->runAction()
#13 C:\xampp\htdocs\citec\framework\web\CController.php(265): SiteController->runActionWithFilters()
#14 C:\xampp\htdocs\citec\framework\web\CWebApplication.php(282): SiteController->run()
#15 C:\xampp\htdocs\citec\framework\web\CWebApplication.php(141): CWebApplication->runController()
#16 C:\xampp\htdocs\citec\framework\base\CApplication.php(184): CWebApplication->processRequest()
#17 C:\xampp\htdocs\citec\congreso\index.php(13): CWebApplication->run()
REQUEST_URI=/citec/congreso/index.php?r=site/index
in C:\xampp\htdocs\citec\congreso\protected\views\layouts\public\main.php (30)
in C:\xampp\htdocs\citec\congreso\protected\views\layouts\public\column1.php (6)
in C:\xampp\htdocs\citec\congreso\protected\controllers\SiteController.php (92)
2015/04/02 17:46:55 [error] [php] Undefined index: url (C:\xampp\htdocs\citec\congreso\protected\views\layouts\public\main.php:30)
Stack trace:
#0 C:\xampp\htdocs\citec\framework\web\widgets\CContentDecorator.php(76): SiteController->renderFile()
#1 C:\xampp\htdocs\citec\framework\web\widgets\CContentDecorator.php(54): CContentDecorator->decorate()
#2 C:\xampp\htdocs\citec\framework\web\widgets\COutputProcessor.php(44): CContentDecorator->processOutput()
#3 C:\xampp\htdocs\citec\framework\web\CBaseController.php(214): CContentDecorator->run()
#4 C:\xampp\htdocs\citec\framework\web\CBaseController.php(308): SiteController->endWidget()
#5 C:\xampp\htdocs\citec\congreso\protected\views\layouts\public\column1.php(6): SiteController->endContent()
#6 C:\xampp\htdocs\citec\framework\web\CBaseController.php(126): require()
#7 C:\xampp\htdocs\citec\framework\web\CBaseController.php(95): SiteController->renderInternal()
#8 C:\xampp\htdocs\citec\framework\web\CController.php(784): SiteController->renderFile()
#9 C:\xampp\htdocs\citec\congreso\protected\controllers\SiteController.php(92): SiteController->render()
#10 C:\xampp\htdocs\citec\framework\web\actions\CInlineAction.php(49): SiteController->actionIndex()
#11 C:\xampp\htdocs\citec\framework\web\CController.php(308): CInlineAction->runWithParams()
#12 C:\xampp\htdocs\citec\framework\web\CController.php(286): SiteController->runAction()
#13 C:\xampp\htdocs\citec\framework\web\CController.php(265): SiteController->runActionWithFilters()
#14 C:\xampp\htdocs\citec\framework\web\CWebApplication.php(282): SiteController->run()
#15 C:\xampp\htdocs\citec\framework\web\CWebApplication.php(141): CWebApplication->runController()
#16 C:\xampp\htdocs\citec\framework\base\CApplication.php(184): CWebApplication->processRequest()
#17 C:\xampp\htdocs\citec\congreso\index.php(13): CWebApplication->run()
REQUEST_URI=/citec/congreso/index.php?r=site/index
in C:\xampp\htdocs\citec\congreso\protected\views\layouts\public\main.php (30)
in C:\xampp\htdocs\citec\congreso\protected\views\layouts\public\column1.php (6)
in C:\xampp\htdocs\citec\congreso\protected\controllers\SiteController.php (92)
2015/04/02 17:46:57 [error] [php] Undefined index: url (C:\xampp\htdocs\citec\congreso\protected\views\layouts\public\main.php:30)
Stack trace:
#0 C:\xampp\htdocs\citec\framework\web\widgets\CContentDecorator.php(76): SiteController->renderFile()
#1 C:\xampp\htdocs\citec\framework\web\widgets\CContentDecorator.php(54): CContentDecorator->decorate()
#2 C:\xampp\htdocs\citec\framework\web\widgets\COutputProcessor.php(44): CContentDecorator->processOutput()
#3 C:\xampp\htdocs\citec\framework\web\CBaseController.php(214): CContentDecorator->run()
#4 C:\xampp\htdocs\citec\framework\web\CBaseController.php(308): SiteController->endWidget()
#5 C:\xampp\htdocs\citec\congreso\protected\views\layouts\public\column1.php(6): SiteController->endContent()
#6 C:\xampp\htdocs\citec\framework\web\CBaseController.php(126): require()
#7 C:\xampp\htdocs\citec\framework\web\CBaseController.php(95): SiteController->renderInternal()
#8 C:\xampp\htdocs\citec\framework\web\CController.php(784): SiteController->renderFile()
#9 C:\xampp\htdocs\citec\congreso\protected\controllers\SiteController.php(92): SiteController->render()
#10 C:\xampp\htdocs\citec\framework\web\actions\CInlineAction.php(49): SiteController->actionIndex()
#11 C:\xampp\htdocs\citec\framework\web\CController.php(308): CInlineAction->runWithParams()
#12 C:\xampp\htdocs\citec\framework\web\CController.php(286): SiteController->runAction()
#13 C:\xampp\htdocs\citec\framework\web\CController.php(265): SiteController->runActionWithFilters()
#14 C:\xampp\htdocs\citec\framework\web\CWebApplication.php(282): SiteController->run()
#15 C:\xampp\htdocs\citec\framework\web\CWebApplication.php(141): CWebApplication->runController()
#16 C:\xampp\htdocs\citec\framework\base\CApplication.php(184): CWebApplication->processRequest()
#17 C:\xampp\htdocs\citec\congreso\index.php(13): CWebApplication->run()
REQUEST_URI=/citec/congreso/index.php?r=site/index
in C:\xampp\htdocs\citec\congreso\protected\views\layouts\public\main.php (30)
in C:\xampp\htdocs\citec\congreso\protected\views\layouts\public\column1.php (6)
in C:\xampp\htdocs\citec\congreso\protected\controllers\SiteController.php (92)
2015/04/02 17:53:12 [error] [php] Array to string conversion (C:\xampp\htdocs\citec\congreso\protected\views\layouts\public\main.php:30)
Stack trace:
#0 C:\xampp\htdocs\citec\framework\web\widgets\CContentDecorator.php(76): SiteController->renderFile()
#1 C:\xampp\htdocs\citec\framework\web\widgets\CContentDecorator.php(54): CContentDecorator->decorate()
#2 C:\xampp\htdocs\citec\framework\web\widgets\COutputProcessor.php(44): CContentDecorator->processOutput()
#3 C:\xampp\htdocs\citec\framework\web\CBaseController.php(214): CContentDecorator->run()
#4 C:\xampp\htdocs\citec\framework\web\CBaseController.php(308): SiteController->endWidget()
#5 C:\xampp\htdocs\citec\congreso\protected\views\layouts\public\column1.php(6): SiteController->endContent()
#6 C:\xampp\htdocs\citec\framework\web\CBaseController.php(126): require()
#7 C:\xampp\htdocs\citec\framework\web\CBaseController.php(95): SiteController->renderInternal()
#8 C:\xampp\htdocs\citec\framework\web\CController.php(784): SiteController->renderFile()
#9 C:\xampp\htdocs\citec\congreso\protected\controllers\SiteController.php(92): SiteController->render()
#10 C:\xampp\htdocs\citec\framework\web\actions\CInlineAction.php(49): SiteController->actionIndex()
#11 C:\xampp\htdocs\citec\framework\web\CController.php(308): CInlineAction->runWithParams()
#12 C:\xampp\htdocs\citec\framework\web\CController.php(286): SiteController->runAction()
#13 C:\xampp\htdocs\citec\framework\web\CController.php(265): SiteController->runActionWithFilters()
#14 C:\xampp\htdocs\citec\framework\web\CWebApplication.php(282): SiteController->run()
#15 C:\xampp\htdocs\citec\framework\web\CWebApplication.php(141): CWebApplication->runController()
#16 C:\xampp\htdocs\citec\framework\base\CApplication.php(184): CWebApplication->processRequest()
#17 C:\xampp\htdocs\citec\congreso\index.php(13): CWebApplication->run()
REQUEST_URI=/citec/congreso/index.php?r=site/index
in C:\xampp\htdocs\citec\congreso\protected\views\layouts\public\main.php (30)
in C:\xampp\htdocs\citec\congreso\protected\views\layouts\public\column1.php (6)
in C:\xampp\htdocs\citec\congreso\protected\controllers\SiteController.php (92)
2015/04/02 17:53:14 [error] [php] Array to string conversion (C:\xampp\htdocs\citec\congreso\protected\views\layouts\public\main.php:30)
Stack trace:
#0 C:\xampp\htdocs\citec\framework\web\widgets\CContentDecorator.php(76): SiteController->renderFile()
#1 C:\xampp\htdocs\citec\framework\web\widgets\CContentDecorator.php(54): CContentDecorator->decorate()
#2 C:\xampp\htdocs\citec\framework\web\widgets\COutputProcessor.php(44): CContentDecorator->processOutput()
#3 C:\xampp\htdocs\citec\framework\web\CBaseController.php(214): CContentDecorator->run()
#4 C:\xampp\htdocs\citec\framework\web\CBaseController.php(308): SiteController->endWidget()
#5 C:\xampp\htdocs\citec\congreso\protected\views\layouts\public\column1.php(6): SiteController->endContent()
#6 C:\xampp\htdocs\citec\framework\web\CBaseController.php(126): require()
#7 C:\xampp\htdocs\citec\framework\web\CBaseController.php(95): SiteController->renderInternal()
#8 C:\xampp\htdocs\citec\framework\web\CController.php(784): SiteController->renderFile()
#9 C:\xampp\htdocs\citec\congreso\protected\controllers\SiteController.php(92): SiteController->render()
#10 C:\xampp\htdocs\citec\framework\web\actions\CInlineAction.php(49): SiteController->actionIndex()
#11 C:\xampp\htdocs\citec\framework\web\CController.php(308): CInlineAction->runWithParams()
#12 C:\xampp\htdocs\citec\framework\web\CController.php(286): SiteController->runAction()
#13 C:\xampp\htdocs\citec\framework\web\CController.php(265): SiteController->runActionWithFilters()
#14 C:\xampp\htdocs\citec\framework\web\CWebApplication.php(282): SiteController->run()
#15 C:\xampp\htdocs\citec\framework\web\CWebApplication.php(141): CWebApplication->runController()
#16 C:\xampp\htdocs\citec\framework\base\CApplication.php(184): CWebApplication->processRequest()
#17 C:\xampp\htdocs\citec\congreso\index.php(13): CWebApplication->run()
REQUEST_URI=/citec/congreso/index.php?r=site/index
in C:\xampp\htdocs\citec\congreso\protected\views\layouts\public\main.php (30)
in C:\xampp\htdocs\citec\congreso\protected\views\layouts\public\column1.php (6)
in C:\xampp\htdocs\citec\congreso\protected\controllers\SiteController.php (92)
2015/04/02 18:19:38 [error] [php] Array to string conversion (C:\xampp\htdocs\citec\congreso\protected\views\layouts\public\main.php:30)
Stack trace:
#0 C:\xampp\htdocs\citec\framework\web\widgets\CContentDecorator.php(76): SiteController->renderFile()
#1 C:\xampp\htdocs\citec\framework\web\widgets\CContentDecorator.php(54): CContentDecorator->decorate()
#2 C:\xampp\htdocs\citec\framework\web\widgets\COutputProcessor.php(44): CContentDecorator->processOutput()
#3 C:\xampp\htdocs\citec\framework\web\CBaseController.php(214): CContentDecorator->run()
#4 C:\xampp\htdocs\citec\framework\web\CBaseController.php(308): SiteController->endWidget()
#5 C:\xampp\htdocs\citec\congreso\protected\views\layouts\public\column1.php(6): SiteController->endContent()
#6 C:\xampp\htdocs\citec\framework\web\CBaseController.php(126): require()
#7 C:\xampp\htdocs\citec\framework\web\CBaseController.php(95): SiteController->renderInternal()
#8 C:\xampp\htdocs\citec\framework\web\CController.php(784): SiteController->renderFile()
#9 C:\xampp\htdocs\citec\congreso\protected\controllers\SiteController.php(92): SiteController->render()
#10 C:\xampp\htdocs\citec\framework\web\actions\CInlineAction.php(49): SiteController->actionIndex()
#11 C:\xampp\htdocs\citec\framework\web\CController.php(308): CInlineAction->runWithParams()
#12 C:\xampp\htdocs\citec\framework\web\CController.php(286): SiteController->runAction()
#13 C:\xampp\htdocs\citec\framework\web\CController.php(265): SiteController->runActionWithFilters()
#14 C:\xampp\htdocs\citec\framework\web\CWebApplication.php(282): SiteController->run()
#15 C:\xampp\htdocs\citec\framework\web\CWebApplication.php(141): CWebApplication->runController()
#16 C:\xampp\htdocs\citec\framework\base\CApplication.php(184): CWebApplication->processRequest()
#17 C:\xampp\htdocs\citec\congreso\index.php(13): CWebApplication->run()
REQUEST_URI=/citec/congreso/index.php?r=site/index
in C:\xampp\htdocs\citec\congreso\protected\views\layouts\public\main.php (30)
in C:\xampp\htdocs\citec\congreso\protected\views\layouts\public\column1.php (6)
in C:\xampp\htdocs\citec\congreso\protected\controllers\SiteController.php (92)
2015/04/03 23:01:43 [error] [php] Undefined index: label (C:\xampp\htdocs\citec\congreso\protected\views\layouts\public\main.php:30)
Stack trace:
#0 C:\xampp\htdocs\citec\framework\web\widgets\CContentDecorator.php(76): SiteController->renderFile()
#1 C:\xampp\htdocs\citec\framework\web\widgets\CContentDecorator.php(54): CContentDecorator->decorate()
#2 C:\xampp\htdocs\citec\framework\web\widgets\COutputProcessor.php(44): CContentDecorator->processOutput()
#3 C:\xampp\htdocs\citec\framework\web\CBaseController.php(214): CContentDecorator->run()
#4 C:\xampp\htdocs\citec\framework\web\CBaseController.php(308): SiteController->endWidget()
#5 C:\xampp\htdocs\citec\congreso\protected\views\layouts\public\column1.php(6): SiteController->endContent()
#6 C:\xampp\htdocs\citec\framework\web\CBaseController.php(126): require()
#7 C:\xampp\htdocs\citec\framework\web\CBaseController.php(95): SiteController->renderInternal()
#8 C:\xampp\htdocs\citec\framework\web\CController.php(784): SiteController->renderFile()
#9 C:\xampp\htdocs\citec\congreso\protected\controllers\SiteController.php(92): SiteController->render()
#10 C:\xampp\htdocs\citec\framework\web\actions\CInlineAction.php(49): SiteController->actionIndex()
#11 C:\xampp\htdocs\citec\framework\web\CController.php(308): CInlineAction->runWithParams()
#12 C:\xampp\htdocs\citec\framework\web\CController.php(286): SiteController->runAction()
#13 C:\xampp\htdocs\citec\framework\web\CController.php(265): SiteController->runActionWithFilters()
#14 C:\xampp\htdocs\citec\framework\web\CWebApplication.php(282): SiteController->run()
#15 C:\xampp\htdocs\citec\framework\web\CWebApplication.php(141): CWebApplication->runController()
#16 C:\xampp\htdocs\citec\framework\base\CApplication.php(184): CWebApplication->processRequest()
#17 C:\xampp\htdocs\citec\congreso\index.php(13): CWebApplication->run()
REQUEST_URI=/citec/congreso/index.php?r=site/index
in C:\xampp\htdocs\citec\congreso\protected\views\layouts\public\main.php (30)
in C:\xampp\htdocs\citec\congreso\protected\views\layouts\public\column1.php (6)
in C:\xampp\htdocs\citec\congreso\protected\controllers\SiteController.php (92)
2015/04/03 23:05:35 [error] [php] Undefined index: url (C:\xampp\htdocs\citec\congreso\protected\views\layouts\public\main.php:30)
Stack trace:
#0 C:\xampp\htdocs\citec\framework\web\widgets\CContentDecorator.php(76): SiteController->renderFile()
#1 C:\xampp\htdocs\citec\framework\web\widgets\CContentDecorator.php(54): CContentDecorator->decorate()
#2 C:\xampp\htdocs\citec\framework\web\widgets\COutputProcessor.php(44): CContentDecorator->processOutput()
#3 C:\xampp\htdocs\citec\framework\web\CBaseController.php(214): CContentDecorator->run()
#4 C:\xampp\htdocs\citec\framework\web\CBaseController.php(308): SiteController->endWidget()
#5 C:\xampp\htdocs\citec\congreso\protected\views\layouts\public\column1.php(6): SiteController->endContent()
#6 C:\xampp\htdocs\citec\framework\web\CBaseController.php(126): require()
#7 C:\xampp\htdocs\citec\framework\web\CBaseController.php(95): SiteController->renderInternal()
#8 C:\xampp\htdocs\citec\framework\web\CController.php(784): SiteController->renderFile()
#9 C:\xampp\htdocs\citec\congreso\protected\controllers\SiteController.php(92): SiteController->render()
#10 C:\xampp\htdocs\citec\framework\web\actions\CInlineAction.php(49): SiteController->actionIndex()
#11 C:\xampp\htdocs\citec\framework\web\CController.php(308): CInlineAction->runWithParams()
#12 C:\xampp\htdocs\citec\framework\web\CController.php(286): SiteController->runAction()
#13 C:\xampp\htdocs\citec\framework\web\CController.php(265): SiteController->runActionWithFilters()
#14 C:\xampp\htdocs\citec\framework\web\CWebApplication.php(282): SiteController->run()
#15 C:\xampp\htdocs\citec\framework\web\CWebApplication.php(141): CWebApplication->runController()
#16 C:\xampp\htdocs\citec\framework\base\CApplication.php(184): CWebApplication->processRequest()
#17 C:\xampp\htdocs\citec\congreso\index.php(13): CWebApplication->run()
REQUEST_URI=/citec/congreso/index.php?r=site/index
in C:\xampp\htdocs\citec\congreso\protected\views\layouts\public\main.php (30)
in C:\xampp\htdocs\citec\congreso\protected\views\layouts\public\column1.php (6)
in C:\xampp\htdocs\citec\congreso\protected\controllers\SiteController.php (92)
2015/04/03 23:11:43 [error] [php] Undefined index: url (C:\xampp\htdocs\citec\congreso\protected\views\layouts\public\main.php:30)
Stack trace:
#0 C:\xampp\htdocs\citec\framework\web\widgets\CContentDecorator.php(76): SiteController->renderFile()
#1 C:\xampp\htdocs\citec\framework\web\widgets\CContentDecorator.php(54): CContentDecorator->decorate()
#2 C:\xampp\htdocs\citec\framework\web\widgets\COutputProcessor.php(44): CContentDecorator->processOutput()
#3 C:\xampp\htdocs\citec\framework\web\CBaseController.php(214): CContentDecorator->run()
#4 C:\xampp\htdocs\citec\framework\web\CBaseController.php(308): SiteController->endWidget()
#5 C:\xampp\htdocs\citec\congreso\protected\views\layouts\public\column1.php(6): SiteController->endContent()
#6 C:\xampp\htdocs\citec\framework\web\CBaseController.php(126): require()
#7 C:\xampp\htdocs\citec\framework\web\CBaseController.php(95): SiteController->renderInternal()
#8 C:\xampp\htdocs\citec\framework\web\CController.php(784): SiteController->renderFile()
#9 C:\xampp\htdocs\citec\congreso\protected\controllers\SiteController.php(93): SiteController->render()
#10 C:\xampp\htdocs\citec\framework\web\actions\CInlineAction.php(49): SiteController->actionIndex()
#11 C:\xampp\htdocs\citec\framework\web\CController.php(308): CInlineAction->runWithParams()
#12 C:\xampp\htdocs\citec\framework\web\CController.php(286): SiteController->runAction()
#13 C:\xampp\htdocs\citec\framework\web\CController.php(265): SiteController->runActionWithFilters()
#14 C:\xampp\htdocs\citec\framework\web\CWebApplication.php(282): SiteController->run()
#15 C:\xampp\htdocs\citec\framework\web\CWebApplication.php(141): CWebApplication->runController()
#16 C:\xampp\htdocs\citec\framework\base\CApplication.php(184): CWebApplication->processRequest()
#17 C:\xampp\htdocs\citec\congreso\index.php(13): CWebApplication->run()
REQUEST_URI=/citec/congreso/index.php?r=site/index
in C:\xampp\htdocs\citec\congreso\protected\views\layouts\public\main.php (30)
in C:\xampp\htdocs\citec\congreso\protected\views\layouts\public\column1.php (6)
in C:\xampp\htdocs\citec\congreso\protected\controllers\SiteController.php (93)
2015/04/03 23:13:08 [error] [php] Undefined index: url (C:\xampp\htdocs\citec\congreso\protected\views\layouts\public\main.php:30)
Stack trace:
#0 C:\xampp\htdocs\citec\framework\web\widgets\CContentDecorator.php(76): SiteController->renderFile()
#1 C:\xampp\htdocs\citec\framework\web\widgets\CContentDecorator.php(54): CContentDecorator->decorate()
#2 C:\xampp\htdocs\citec\framework\web\widgets\COutputProcessor.php(44): CContentDecorator->processOutput()
#3 C:\xampp\htdocs\citec\framework\web\CBaseController.php(214): CContentDecorator->run()
#4 C:\xampp\htdocs\citec\framework\web\CBaseController.php(308): SiteController->endWidget()
#5 C:\xampp\htdocs\citec\congreso\protected\views\layouts\public\column1.php(6): SiteController->endContent()
#6 C:\xampp\htdocs\citec\framework\web\CBaseController.php(126): require()
#7 C:\xampp\htdocs\citec\framework\web\CBaseController.php(95): SiteController->renderInternal()
#8 C:\xampp\htdocs\citec\framework\web\CController.php(784): SiteController->renderFile()
#9 C:\xampp\htdocs\citec\congreso\protected\controllers\SiteController.php(93): SiteController->render()
#10 C:\xampp\htdocs\citec\framework\web\actions\CInlineAction.php(49): SiteController->actionIndex()
#11 C:\xampp\htdocs\citec\framework\web\CController.php(308): CInlineAction->runWithParams()
#12 C:\xampp\htdocs\citec\framework\web\CController.php(286): SiteController->runAction()
#13 C:\xampp\htdocs\citec\framework\web\CController.php(265): SiteController->runActionWithFilters()
#14 C:\xampp\htdocs\citec\framework\web\CWebApplication.php(282): SiteController->run()
#15 C:\xampp\htdocs\citec\framework\web\CWebApplication.php(141): CWebApplication->runController()
#16 C:\xampp\htdocs\citec\framework\base\CApplication.php(184): CWebApplication->processRequest()
#17 C:\xampp\htdocs\citec\congreso\index.php(13): CWebApplication->run()
REQUEST_URI=/citec/congreso/index.php?r=site/index
in C:\xampp\htdocs\citec\congreso\protected\views\layouts\public\main.php (30)
in C:\xampp\htdocs\citec\congreso\protected\views\layouts\public\column1.php (6)
in C:\xampp\htdocs\citec\congreso\protected\controllers\SiteController.php (93)
2015/04/03 23:18:27 [error] [php] Undefined index: url (C:\xampp\htdocs\citec\congreso\protected\views\layouts\public\main.php:30)
Stack trace:
#0 C:\xampp\htdocs\citec\framework\web\widgets\CContentDecorator.php(76): SiteController->renderFile()
#1 C:\xampp\htdocs\citec\framework\web\widgets\CContentDecorator.php(54): CContentDecorator->decorate()
#2 C:\xampp\htdocs\citec\framework\web\widgets\COutputProcessor.php(44): CContentDecorator->processOutput()
#3 C:\xampp\htdocs\citec\framework\web\CBaseController.php(214): CContentDecorator->run()
#4 C:\xampp\htdocs\citec\framework\web\CBaseController.php(308): SiteController->endWidget()
#5 C:\xampp\htdocs\citec\congreso\protected\views\layouts\public\column1.php(6): SiteController->endContent()
#6 C:\xampp\htdocs\citec\framework\web\CBaseController.php(126): require()
#7 C:\xampp\htdocs\citec\framework\web\CBaseController.php(95): SiteController->renderInternal()
#8 C:\xampp\htdocs\citec\framework\web\CController.php(784): SiteController->renderFile()
#9 C:\xampp\htdocs\citec\congreso\protected\controllers\SiteController.php(92): SiteController->render()
#10 C:\xampp\htdocs\citec\framework\web\actions\CInlineAction.php(49): SiteController->actionIndex()
#11 C:\xampp\htdocs\citec\framework\web\CController.php(308): CInlineAction->runWithParams()
#12 C:\xampp\htdocs\citec\framework\web\CController.php(286): SiteController->runAction()
#13 C:\xampp\htdocs\citec\framework\web\CController.php(265): SiteController->runActionWithFilters()
#14 C:\xampp\htdocs\citec\framework\web\CWebApplication.php(282): SiteController->run()
#15 C:\xampp\htdocs\citec\framework\web\CWebApplication.php(141): CWebApplication->runController()
#16 C:\xampp\htdocs\citec\framework\base\CApplication.php(184): CWebApplication->processRequest()
#17 C:\xampp\htdocs\citec\congreso\index.php(13): CWebApplication->run()
REQUEST_URI=/citec/congreso/index.php?r=site/index
in C:\xampp\htdocs\citec\congreso\protected\views\layouts\public\main.php (30)
in C:\xampp\htdocs\citec\congreso\protected\views\layouts\public\column1.php (6)
in C:\xampp\htdocs\citec\congreso\protected\controllers\SiteController.php (92)
2015/04/03 23:21:24 [error] [exception.CException] exception 'CException' with message 'CWebApplication and its behaviors do not have a method or closure named "redirect".' in C:\xampp\htdocs\citec\framework\base\CComponent.php:266
Stack trace:
#0 C:\xampp\htdocs\citec\congreso\protected\controllers\SiteController.php(65): CComponent->__call('redirect', Array)
#1 C:\xampp\htdocs\citec\congreso\protected\controllers\SiteController.php(65): CWebApplication->redirect('site/accesoUsua...')
#2 C:\xampp\htdocs\citec\framework\web\actions\CInlineAction.php(49): SiteController->actionIndex()
#3 C:\xampp\htdocs\citec\framework\web\CController.php(308): CInlineAction->runWithParams(Array)
#4 C:\xampp\htdocs\citec\framework\web\CController.php(286): CController->runAction(Object(CInlineAction))
#5 C:\xampp\htdocs\citec\framework\web\CController.php(265): CController->runActionWithFilters(Object(CInlineAction), Array)
#6 C:\xampp\htdocs\citec\framework\web\CWebApplication.php(282): CController->run('index')
#7 C:\xampp\htdocs\citec\framework\web\CWebApplication.php(141): CWebApplication->runController('site/index')
#8 C:\xampp\htdocs\citec\framework\base\CApplication.php(184): CWebApplication->processRequest()
#9 C:\xampp\htdocs\citec\congreso\index.php(13): CApplication->run()
#10 {main}
REQUEST_URI=/citec/congreso/index.php?r=site/index
---
